<?xml version="1.0" encoding="UTF-8"?>
<!-- Generated by org.testng.reporters.JUnitXMLReporter -->
<testsuite ignored="1" hostname="LAPTOP-VR2BVJGM" failures="1" tests="1" name="Sanity Test" time="12.433" errors="0" timestamp="2024-06-10T10:32:57 IST">
  <testcase classname="com.SeleniumFramework.TestCases.TC_01_Verify_AdminPage_Usernames_AscendingOrder_ByDefault" name="LoginFlowValidation" time="11.037">
    <failure type="java.lang.AssertionError" message="expected [true] but found [false]">
      <![CDATA[java.lang.AssertionError: expected [true] but found [false]
at com.SeleniumFramework.TestCases.TC_01_Verify_AdminPage_Usernames_AscendingOrder_ByDefault.LoginFlowValidation(TC_01_Verify_AdminPage_Usernames_AscendingOrder_ByDefault.java:22)
at java.base/java.util.ArrayList.forEach(ArrayList.java:1541)
... Removed 31 stack frames]]>
    </failure>
  </testcase> <!-- LoginFlowValidation -->
  <testcase classname="com.SeleniumFramework.TestCases.TC_01_Verify_AdminPage_Usernames_AscendingOrder_ByDefault" name="abc" time="0.0">
    <ignored/>
  </testcase> <!-- abc -->
</testsuite> <!-- Sanity Test -->
